<?xml version="1.0" encoding="UTF-8"?>
<!-- Generated by org.testng.reporters.JUnitXMLReporter -->
<testsuite ignored="0" hostname="LTIN454249" failures="0" tests="13" name="test2" time="106.28" errors="0" timestamp="2024-02-29T10:44:51 IST">
  <testcase classname="testCases.TC001_SearchHomePage" name="searchHomePage" time="7.743"/>
  <testcase classname="testCases.TC002_WebDevelopmentPage" name="levelSelector" time="3.315"/>
  <testcase classname="testCases.TC002_WebDevelopmentPage" name="languageSelect" time="19.331"/>
  <testcase classname="testCases.TC002_WebDevelopmentPage" name="Result" time="2.046"/>
  <testcase classname="testCases.TC002_WebDevelopmentPage" name="deatilsFirstCard" time="0.604"/>
  <testcase classname="testCases.TC002_WebDevelopmentPage" name="Headings" time="3.957"/>
  <testcase classname="testCases.TC001_SearchHomePage" name="Search2" time="6.393"/>
  <testcase classname="testCases.TC003_LanguageLearning" name="displayLevels" time="0.205"/>
  <testcase classname="testCases.TC003_LanguageLearning" name="displayLanguages" time="8.947"/>
  <testcase classname="testCases.TC001_SearchHomePage" name="ThirdtimeHomepage" time="14.115"/>
  <testcase classname="testCases.TC004_BusinessCoursera" name="clickSolution" time="4.484"/>
  <testcase classname="testCases.TC004_BusinessCoursera" name="clickContactUs" time="4.917"/>
  <testcase classname="testCases.TC004_BusinessCoursera" name="details" time="9.065"/>
</testsuite> <!-- test2 -->
