<?xml version="1.0" encoding="UTF-8"?>
<!-- Generated by org.testng.reporters.JUnitXMLReporter -->
<testsuite ignored="0" hostname="LTIN454349" failures="0" tests="13" name="test2" time="106.392" errors="0" timestamp="2024-02-09T10:45:04 IST">
  <testcase classname="testCases.TC001_SearchHomePage" name="searchHomePage" time="9.134"/>
  <testcase classname="testCases.TC002_WebDevelopmentPage" name="levelSelector" time="3.36"/>
  <testcase classname="testCases.TC002_WebDevelopmentPage" name="languageSelect" time="6.279"/>
  <testcase classname="testCases.TC002_WebDevelopmentPage" name="Result" time="2.028"/>
  <testcase classname="testCases.TC002_WebDevelopmentPage" name="deatilsFirstCard" time="0.425"/>
  <testcase classname="testCases.TC002_WebDevelopmentPage" name="Headings" time="4.929"/>
  <testcase classname="testCases.TC001_SearchHomePage" name="Search2" time="8.154"/>
  <testcase classname="testCases.TC003_LanguageLearning" name="displayLevels" time="0.163"/>
  <testcase classname="testCases.TC003_LanguageLearning" name="displayLanguages" time="9.353"/>
  <testcase classname="testCases.TC001_SearchHomePage" name="ThirdtimeHomepage" time="17.427"/>
  <testcase classname="testCases.TC004_BusinessCoursera" name="clickSolution" time="8.039"/>
  <testcase classname="testCases.TC004_BusinessCoursera" name="clickContactUs" time="6.7"/>
  <testcase classname="testCases.TC004_BusinessCoursera" name="details" time="3.434"/>
</testsuite> <!-- test2 -->
