<?xml version="1.0" encoding="UTF-8"?>
<testng-results ignored="0" total="13" passed="13" failed="0" skipped="0">
  <reporter-output>
  </reporter-output>
  <suite started-at="2024-03-07T14:55:48 IST" name="Suite" finished-at="2024-03-07T14:57:23 IST" duration-ms="94932">
    <groups>
      <group name="Master">
        <method signature="TC001_SearchHomePage.searchHomePage()[pri:1, instance:testCases.TC004_BusinessCoursera@79e4c792]" name="searchHomePage" class="testCases.TC001_SearchHomePage"/>
        <method signature="TC002_WebDevelopmentPage.levelSelector()[pri:2, instance:testCases.TC004_BusinessCoursera@79e4c792]" name="levelSelector" class="testCases.TC002_WebDevelopmentPage"/>
        <method signature="TC002_WebDevelopmentPage.languageSelect()[pri:3, instance:testCases.TC004_BusinessCoursera@79e4c792]" name="languageSelect" class="testCases.TC002_WebDevelopmentPage"/>
        <method signature="TC002_WebDevelopmentPage.Result()[pri:4, instance:testCases.TC004_BusinessCoursera@79e4c792]" name="Result" class="testCases.TC002_WebDevelopmentPage"/>
        <method signature="TC002_WebDevelopmentPage.deatilsFirstCard()[pri:6, instance:testCases.TC004_BusinessCoursera@79e4c792]" name="deatilsFirstCard" class="testCases.TC002_WebDevelopmentPage"/>
        <method signature="TC002_WebDevelopmentPage.Headings()[pri:7, instance:testCases.TC004_BusinessCoursera@79e4c792]" name="Headings" class="testCases.TC002_WebDevelopmentPage"/>
        <method signature="TC001_SearchHomePage.Search2()[pri:8, instance:testCases.TC004_BusinessCoursera@79e4c792]" name="Search2" class="testCases.TC001_SearchHomePage"/>
        <method signature="TC003_LanguageLearning.displayLevels()[pri:9, instance:testCases.TC004_BusinessCoursera@79e4c792]" name="displayLevels" class="testCases.TC003_LanguageLearning"/>
        <method signature="TC003_LanguageLearning.displayLanguages()[pri:10, instance:testCases.TC004_BusinessCoursera@79e4c792]" name="displayLanguages" class="testCases.TC003_LanguageLearning"/>
        <method signature="TC001_SearchHomePage.ThirdtimeHomepage()[pri:11, instance:testCases.TC004_BusinessCoursera@79e4c792]" name="ThirdtimeHomepage" class="testCases.TC001_SearchHomePage"/>
        <method signature="TC004_BusinessCoursera.clickSolution()[pri:12, instance:testCases.TC004_BusinessCoursera@79e4c792]" name="clickSolution" class="testCases.TC004_BusinessCoursera"/>
        <method signature="TC004_BusinessCoursera.clickContactUs()[pri:13, instance:testCases.TC004_BusinessCoursera@79e4c792]" name="clickContactUs" class="testCases.TC004_BusinessCoursera"/>
        <method signature="TC004_BusinessCoursera.details()[pri:14, instance:testCases.TC004_BusinessCoursera@79e4c792]" name="details" class="testCases.TC004_BusinessCoursera"/>
      </group> <!-- Master -->
      <group name="regression">
        <method signature="TC002_WebDevelopmentPage.levelSelector()[pri:2, instance:testCases.TC004_BusinessCoursera@79e4c792]" name="levelSelector" class="testCases.TC002_WebDevelopmentPage"/>
        <method signature="TC002_WebDevelopmentPage.languageSelect()[pri:3, instance:testCases.TC004_BusinessCoursera@79e4c792]" name="languageSelect" class="testCases.TC002_WebDevelopmentPage"/>
        <method signature="TC002_WebDevelopmentPage.deatilsFirstCard()[pri:6, instance:testCases.TC004_BusinessCoursera@79e4c792]" name="deatilsFirstCard" class="testCases.TC002_WebDevelopmentPage"/>
        <method signature="TC003_LanguageLearning.displayLevels()[pri:9, instance:testCases.TC004_BusinessCoursera@79e4c792]" name="displayLevels" class="testCases.TC003_LanguageLearning"/>
        <method signature="TC003_LanguageLearning.displayLanguages()[pri:10, instance:testCases.TC004_BusinessCoursera@79e4c792]" name="displayLanguages" class="testCases.TC003_LanguageLearning"/>
        <method signature="TC001_SearchHomePage.ThirdtimeHomepage()[pri:11, instance:testCases.TC004_BusinessCoursera@79e4c792]" name="ThirdtimeHomepage" class="testCases.TC001_SearchHomePage"/>
        <method signature="TC004_BusinessCoursera.clickSolution()[pri:12, instance:testCases.TC004_BusinessCoursera@79e4c792]" name="clickSolution" class="testCases.TC004_BusinessCoursera"/>
        <method signature="TC004_BusinessCoursera.clickContactUs()[pri:13, instance:testCases.TC004_BusinessCoursera@79e4c792]" name="clickContactUs" class="testCases.TC004_BusinessCoursera"/>
        <method signature="TC004_BusinessCoursera.details()[pri:14, instance:testCases.TC004_BusinessCoursera@79e4c792]" name="details" class="testCases.TC004_BusinessCoursera"/>
      </group> <!-- regression -->
      <group name="sanity">
        <method signature="TC001_SearchHomePage.searchHomePage()[pri:1, instance:testCases.TC004_BusinessCoursera@79e4c792]" name="searchHomePage" class="testCases.TC001_SearchHomePage"/>
      </group> <!-- sanity -->
      <group name="Smoke">
        <method signature="TC002_WebDevelopmentPage.Result()[pri:4, instance:testCases.TC004_BusinessCoursera@79e4c792]" name="Result" class="testCases.TC002_WebDevelopmentPage"/>
        <method signature="TC002_WebDevelopmentPage.Headings()[pri:7, instance:testCases.TC004_BusinessCoursera@79e4c792]" name="Headings" class="testCases.TC002_WebDevelopmentPage"/>
        <method signature="TC001_SearchHomePage.Search2()[pri:8, instance:testCases.TC004_BusinessCoursera@79e4c792]" name="Search2" class="testCases.TC001_SearchHomePage"/>
        <method signature="TC003_LanguageLearning.displayLevels()[pri:9, instance:testCases.TC004_BusinessCoursera@79e4c792]" name="displayLevels" class="testCases.TC003_LanguageLearning"/>
        <method signature="TC001_SearchHomePage.ThirdtimeHomepage()[pri:11, instance:testCases.TC004_BusinessCoursera@79e4c792]" name="ThirdtimeHomepage" class="testCases.TC001_SearchHomePage"/>
        <method signature="TC004_BusinessCoursera.clickSolution()[pri:12, instance:testCases.TC004_BusinessCoursera@79e4c792]" name="clickSolution" class="testCases.TC004_BusinessCoursera"/>
        <method signature="TC004_BusinessCoursera.clickContactUs()[pri:13, instance:testCases.TC004_BusinessCoursera@79e4c792]" name="clickContactUs" class="testCases.TC004_BusinessCoursera"/>
      </group> <!-- Smoke -->
    </groups>
    <test started-at="2024-03-07T14:55:48 IST" name="Test" finished-at="2024-03-07T14:57:23 IST" duration-ms="94932">
      <class name="testCases.TC004_BusinessCoursera">
        <test-method is-config="true" signature="setup(java.lang.String,java.lang.String)[pri:0, instance:testCases.TC004_BusinessCoursera@79e4c792]" started-at="2024-03-07T14:55:49 IST" name="setup" finished-at="2024-03-07T14:56:03 IST" duration-ms="14300" status="PASS">
          <params>
            <param index="0">
              <value>
                <![CDATA[windows]]>
              </value>
            </param>
            <param index="1">
              <value>
                <![CDATA[chrome]]>
              </value>
            </param>
          </params>
          <reporter-output>
          </reporter-output>
        </test-method> <!-- setup -->
        <test-method signature="searchHomePage()[pri:1, instance:testCases.TC004_BusinessCoursera@79e4c792]" started-at="2024-03-07T14:56:03 IST" name="searchHomePage" finished-at="2024-03-07T14:56:11 IST" duration-ms="8013" status="PASS">
          <reporter-output>
          </reporter-output>
        </test-method> <!-- searchHomePage -->
        <test-method signature="levelSelector()[pri:2, instance:testCases.TC004_BusinessCoursera@79e4c792]" started-at="2024-03-07T14:56:11 IST" name="levelSelector" finished-at="2024-03-07T14:56:15 IST" duration-ms="3277" status="PASS">
          <reporter-output>
          </reporter-output>
        </test-method> <!-- levelSelector -->
        <test-method signature="languageSelect()[pri:3, instance:testCases.TC004_BusinessCoursera@79e4c792]" started-at="2024-03-07T14:56:15 IST" name="languageSelect" finished-at="2024-03-07T14:56:34 IST" duration-ms="19231" status="PASS">
          <reporter-output>
          </reporter-output>
        </test-method> <!-- languageSelect -->
        <test-method signature="Result()[pri:4, instance:testCases.TC004_BusinessCoursera@79e4c792]" started-at="2024-03-07T14:56:34 IST" name="Result" finished-at="2024-03-07T14:56:36 IST" duration-ms="2051" status="PASS">
          <reporter-output>
          </reporter-output>
        </test-method> <!-- Result -->
        <test-method signature="deatilsFirstCard()[pri:6, instance:testCases.TC004_BusinessCoursera@79e4c792]" started-at="2024-03-07T14:56:36 IST" name="deatilsFirstCard" finished-at="2024-03-07T14:56:38 IST" duration-ms="1523" status="PASS">
          <reporter-output>
          </reporter-output>
        </test-method> <!-- deatilsFirstCard -->
        <test-method signature="Headings()[pri:7, instance:testCases.TC004_BusinessCoursera@79e4c792]" started-at="2024-03-07T14:56:38 IST" name="Headings" finished-at="2024-03-07T14:56:41 IST" duration-ms="3002" status="PASS">
          <reporter-output>
          </reporter-output>
        </test-method> <!-- Headings -->
        <test-method signature="Search2()[pri:8, instance:testCases.TC004_BusinessCoursera@79e4c792]" started-at="2024-03-07T14:56:41 IST" name="Search2" finished-at="2024-03-07T14:56:47 IST" duration-ms="5906" status="PASS">
          <reporter-output>
          </reporter-output>
        </test-method> <!-- Search2 -->
        <test-method signature="displayLevels()[pri:9, instance:testCases.TC004_BusinessCoursera@79e4c792]" started-at="2024-03-07T14:56:47 IST" name="displayLevels" finished-at="2024-03-07T14:56:48 IST" duration-ms="335" status="PASS">
          <reporter-output>
          </reporter-output>
        </test-method> <!-- displayLevels -->
        <test-method signature="displayLanguages()[pri:10, instance:testCases.TC004_BusinessCoursera@79e4c792]" started-at="2024-03-07T14:56:48 IST" name="displayLanguages" finished-at="2024-03-07T14:56:55 IST" duration-ms="7259" status="PASS">
          <reporter-output>
          </reporter-output>
        </test-method> <!-- displayLanguages -->
        <test-method signature="ThirdtimeHomepage()[pri:11, instance:testCases.TC004_BusinessCoursera@79e4c792]" started-at="2024-03-07T14:56:55 IST" name="ThirdtimeHomepage" finished-at="2024-03-07T14:57:07 IST" duration-ms="11609" status="PASS">
          <reporter-output>
          </reporter-output>
        </test-method> <!-- ThirdtimeHomepage -->
        <test-method signature="clickSolution()[pri:12, instance:testCases.TC004_BusinessCoursera@79e4c792]" started-at="2024-03-07T14:57:07 IST" name="clickSolution" finished-at="2024-03-07T14:57:10 IST" duration-ms="2831" status="PASS">
          <reporter-output>
          </reporter-output>
        </test-method> <!-- clickSolution -->
        <test-method signature="clickContactUs()[pri:13, instance:testCases.TC004_BusinessCoursera@79e4c792]" started-at="2024-03-07T14:57:10 IST" name="clickContactUs" finished-at="2024-03-07T14:57:14 IST" duration-ms="3291" status="PASS">
          <reporter-output>
          </reporter-output>
        </test-method> <!-- clickContactUs -->
        <test-method signature="details()[pri:14, instance:testCases.TC004_BusinessCoursera@79e4c792]" started-at="2024-03-07T14:57:14 IST" name="details" finished-at="2024-03-07T14:57:22 IST" duration-ms="8410" status="PASS">
          <reporter-output>
          </reporter-output>
        </test-method> <!-- details -->
        <test-method is-config="true" signature="tearDown()[pri:0, instance:testCases.TC004_BusinessCoursera@79e4c792]" started-at="2024-03-07T14:57:22 IST" name="tearDown" finished-at="2024-03-07T14:57:23 IST" duration-ms="1168" status="PASS">
          <reporter-output>
          </reporter-output>
        </test-method> <!-- tearDown -->
      </class> <!-- testCases.TC004_BusinessCoursera -->
    </test> <!-- Test -->
  </suite> <!-- Suite -->
</testng-results>
